Alert cooldown active for Sector 1_Temperature_critical
Alert cooldown active for Sector 1_Carbon Monoxide_critical
Alert cooldown active for Sector 1_Temperature_critical
Alert cooldown active for Sector 1_Carbon Monoxide_warning
Alert cooldown active for Sector 1_Temperature_critical
Alert cooldown active for Sector 1_Carbon Monoxide_warning
Alert cooldown active for Sector 1_Carbon Monoxide_critical
Alert cooldown active for Sector 1_Carbon Monoxide_warning
Alert cooldown active for Sector 1_Carbon Monoxide_critical
Alert cooldown active for Sector 1_Temperature_critical
Alert cooldown active for Sector 1_Carbon Monoxide_critical
Alert cooldown active for Sector 1_Carbon Monoxide_critical
Alert cooldown active for Sector 1_Temperature_critical
Alert cooldown active for Sector 1_Carbon Monoxide_warning
Alert cooldown active for Sector 1_Carbon Monoxide_warning
Alert cooldown active for Sector 1_Temperature_critical
Alert cooldown active for Sector 1_Carbon Monoxide_warning
Alert cooldown active for Sector 1_Temperature_critical
Alert cooldown active for Sector 1_Temperature_critical
Alert cooldown active for Sector 1_Carbon Monoxide_critical
Alert cooldown active for Sector 1_Carbon Monoxide_warning
Alert cooldown active for Sector 1_Carbon Monoxide_critical
Alert cooldown active for Sector 1_Temperature_critical
Alert cooldown active for Sector 1_Temperature_critical
Alert cooldown active for Sector 1_Carbon Monoxide_warning
Alert cooldown active for Sector 1_Temperature_critical
Alert cooldown active for Sector 1_Carbon Monoxide_critical
[SUCCESS] Prediction alert sent: Sector 1_Carbon Monoxide_warning
[SUCCESS] Prediction alert sent: Sector 1_Carbon Monoxide_critical
Alert cooldown active for Sector 1_Carbon Monoxide_critical
Alert cooldown active for Sector 1_Carbon Monoxide_critical
Alert cooldown active for Sector 1_Carbon Monoxide_critical
Alert cooldown active for Sector 1_Carbon Monoxide_critical
[SUCCESS] Prediction alert sent: Sector 1_Temperature_critical
Alert cooldown active for Sector 1_Temperature_critical
Alert cooldown active for Sector 1_Carbon Monoxide_critical
Alert cooldown active for Sector 1_Temperature_critical
Alert cooldown active for Sector 1_Carbon Monoxide_warning
Alert cooldown active for Sector 1_Carbon Monoxide_warning
Alert cooldown active for Sector 1_Temperature_critical
Alert cooldown active for Sector 1_Carbon Monoxide_critical
Alert cooldown active for Sector 1_Temperature_critical
Alert cooldown active for Sector 1_Carbon Monoxide_critical
[SUCCESS] Prediction alert sent: Sector 1_Temperature_warning
Alert cooldown active for Sector 1_Temperature_critical
Alert cooldown active for Sector 1_Temperature_warning
Alert cooldown active for Sector 1_Temperature_critical
Alert cooldown active for Sector 1_Temperature_warning
Alert cooldown active for Sector 1_Carbon Monoxide_critical
Alert cooldown active for Sector 1_Temperature_critical
Alert cooldown active for Sector 1_Carbon Monoxide_warning
Alert cooldown active for Sector 1_Carbon Monoxide_warning
Alert cooldown active for Sector 1_Temperature_critical
Alert cooldown active for Sector 1_Carbon Monoxide_critical
Alert cooldown active for Sector 1_Carbon Monoxide_critical
Alert cooldown active for Sector 1_Carbon Monoxide_critical
Alert cooldown active for Sector 1_Temperature_critical
[SUCCESS] Prediction alert sent: Sector 1_Carbon Monoxide_critical
Alert cooldown active for Sector 1_Temperature_critical
[SUCCESS] Prediction alert sent: Sector 1_Carbon Monoxide_warning
[SUCCESS] Prediction alert sent: Sector 1_Temperature_critical
Alert cooldown active for Sector 1_Carbon Monoxide_critical
[SUCCESS] Prediction alert sent: Sector 1_Carbon Monoxide_warning
Alert cooldown active for Sector 1_Carbon Monoxide_warning
Alert cooldown active for Sector 1_Carbon Monoxide_warning
Alert cooldown active for Sector 1_Carbon Monoxide_warning
[SUCCESS] Prediction alert sent: Sector 1_Temperature_critical
[SUCCESS] Prediction alert sent: Sector 1_Carbon Monoxide_critical
Alert cooldown active for Sector 1_Carbon Monoxide_critical
Alert cooldown active for Sector 1_Temperature_critical
Alert cooldown active for Sector 1_Carbon Monoxide_critical
[SUCCESS] Prediction alert sent: Sector 1_Temperature_critical
[SUCCESS] Prediction alert sent: Sector 1_Carbon Monoxide_critical
[SUCCESS] Prediction alert sent: Sector 1_Carbon Monoxide_warning
Alert cooldown active for Sector 1_Carbon Monoxide_critical
Alert cooldown active for Sector 1_Carbon Monoxide_critical
Alert cooldown active for Sector 1_Carbon Monoxide_critical
Alert cooldown active for Sector 1_Temperature_critical
Alert cooldown active for Sector 1_Carbon Monoxide_critical
Alert cooldown active for Sector 1_Temperature_critical
Alert cooldown active for Sector 1_Temperature_critical
Alert cooldown active for Sector 1_Carbon Monoxide_critical
Alert cooldown active for Sector 1_Carbon Monoxide_critical
Alert cooldown active for Sector 1_Temperature_critical
Alert cooldown active for Sector 1_Carbon Monoxide_warning
Alert cooldown active for Sector 1_Carbon Monoxide_warning
Alert cooldown active for Sector 1_Carbon Monoxide_warning
Alert cooldown active for Sector 1_Carbon Monoxide_critical
[SUCCESS] Prediction alert sent: Sector 1_Carbon Monoxide_critical
[SUCCESS] Prediction alert sent: Sector 1_Temperature_critical
Alert cooldown active for Sector 1_Carbon Monoxide_critical
Alert cooldown active for Sector 1_Temperature_critical
Alert cooldown active for Sector 1_Carbon Monoxide_critical
Alert cooldown active for Sector 1_Carbon Monoxide_critical
[SUCCESS] Prediction alert sent: Sector 1_Carbon Monoxide_warning
Alert cooldown active for Sector 1_Temperature_critical
Alert cooldown active for Sector 1_Carbon Monoxide_warning
Alert cooldown active for Sector 1_Temperature_critical
Alert cooldown active for Sector 1_Carbon Monoxide_warning
Alert cooldown active for Sector 1_Carbon Monoxide_critical
[SUCCESS] Prediction alert sent: Sector 1_Temperature_warning
Alert cooldown active for Sector 1_Temperature_warning
Alert cooldown active for Sector 1_Temperature_warning
Alert cooldown active for Sector 1_Temperature_warning
Alert cooldown active for Sector 1_Temperature_warning
Alert cooldown active for Sector 1_Temperature_warning
Alert cooldown active for Sector 1_Temperature_warning
Alert cooldown active for Sector 1_Temperature_warning
Alert cooldown active for Sector 1_Temperature_warning
Alert cooldown active for Sector 1_Temperature_warning
Alert cooldown active for Sector 1_Temperature_warning
Alert cooldown active for Sector 1_Temperature_warning
Alert cooldown active for Sector 1_Temperature_warning
Alert cooldown active for Sector 1_Temperature_warning
Alert cooldown active for Sector 1_Temperature_warning
Alert cooldown active for Sector 1_Temperature_warning
Alert cooldown active for Sector 1_Temperature_warning
Alert cooldown active for Sector 1_Temperature_warning
Alert cooldown active for Sector 1_Temperature_warning
Alert cooldown active for Sector 1_Temperature_warning
Alert cooldown active for Sector 1_Temperature_warning
Alert cooldown active for Sector 1_Temperature_warning
Alert cooldown active for Sector 1_Temperature_warning
Alert cooldown active for Sector 1_Temperature_warning
Alert cooldown active for Sector 1_Temperature_warning
Alert cooldown active for Sector 1_Temperature_warning
Alert cooldown active for Sector 1_Temperature_warning
Alert cooldown active for Sector 1_Temperature_warning
Alert cooldown active for Sector 1_Temperature_warning
Alert cooldown active for Sector 1_Temperature_warning
Alert cooldown active for Sector 1_Temperature_warning
[SUCCESS] Prediction alert sent: Sector 1_Temperature_warning
Alert cooldown active for Sector 1_Temperature_warning
Alert cooldown active for Sector 1_Temperature_warning
Alert cooldown active for Sector 1_Temperature_warning
Alert cooldown active for Sector 1_Temperature_warning
Alert cooldown active for Sector 1_Temperature_warning
Alert cooldown active for Sector 1_Temperature_warning
Alert cooldown active for Sector 1_Temperature_warning
Alert cooldown active for Sector 1_Temperature_warning
Alert cooldown active for Sector 1_Temperature_warning
Alert cooldown active for Sector 1_Temperature_warning
Alert cooldown active for Sector 1_Temperature_warning
Alert cooldown active for Sector 1_Temperature_warning
Alert cooldown active for Sector 1_Temperature_warning
Alert cooldown active for Sector 1_Temperature_warning
Alert cooldown active for Sector 1_Temperature_warning
Alert cooldown active for Sector 1_Temperature_warning
Alert cooldown active for Sector 1_Temperature_warning
Alert cooldown active for Sector 1_Temperature_warning
Alert cooldown active for Sector 1_Temperature_warning
Alert cooldown active for Sector 1_Temperature_warning
Alert cooldown active for Sector 1_Temperature_warning
Alert cooldown active for Sector 1_Temperature_warning
Alert cooldown active for Sector 1_Temperature_warning
Alert cooldown active for Sector 1_Temperature_warning
Alert cooldown active for Sector 1_Temperature_warning
[SUCCESS] Prediction alert sent: Sector 1_Temperature_warning
Alert cooldown active for Sector 1_Temperature_warning
Alert cooldown active for Sector 1_Temperature_warning
Alert cooldown active for Sector 1_Temperature_warning
Alert cooldown active for Sector 1_Temperature_warning
Alert cooldown active for Sector 1_Temperature_warning
Alert cooldown active for Sector 1_Temperature_warning
Alert cooldown active for Sector 1_Temperature_warning
Alert cooldown active for Sector 1_Temperature_warning
Alert cooldown active for Sector 1_Temperature_warning
Alert cooldown active for Sector 1_Temperature_warning
Alert cooldown active for Sector 1_Temperature_warning
Alert cooldown active for Sector 1_Temperature_warning
Alert cooldown active for Sector 1_Temperature_warning
Alert cooldown active for Sector 1_Temperature_warning
Alert cooldown active for Sector 1_Temperature_warning
Alert cooldown active for Sector 1_Temperature_warning
Alert cooldown active for Sector 1_Temperature_warning
Alert cooldown active for Sector 1_Temperature_warning
Alert cooldown active for Sector 1_Temperature_warning
Alert cooldown active for Sector 1_Temperature_warning
Alert cooldown active for Sector 1_Temperature_warning
Alert cooldown active for Sector 1_Temperature_warning
Alert cooldown active for Sector 1_Temperature_warning
Alert cooldown active for Sector 1_Temperature_warning
Alert cooldown active for Sector 1_Temperature_warning
Alert cooldown active for Sector 1_Temperature_warning
Alert cooldown active for Sector 1_Temperature_warning
Alert cooldown active for Sector 1_Temperature_warning
Alert cooldown active for Sector 1_Temperature_warning
Alert cooldown active for Sector 1_Temperature_warning
Alert cooldown active for Sector 1_Temperature_warning
Alert cooldown active for Sector 1_Temperature_warning
Alert cooldown active for Sector 1_Temperature_warning
Alert cooldown active for Sector 1_Temperature_warning
Alert cooldown active for Sector 1_Temperature_warning
Alert cooldown active for Sector 1_Temperature_warning
Alert cooldown active for Sector 1_Temperature_warning
Alert cooldown active for Sector 1_Temperature_warning
Alert cooldown active for Sector 1_Temperature_warning
Alert cooldown active for Sector 1_Temperature_warning
Alert cooldown active for Sector 1_Temperature_warning
Alert cooldown active for Sector 1_Temperature_warning
Alert cooldown active for Sector 1_Temperature_warning
Alert cooldown active for Sector 1_Temperature_warning
Alert cooldown active for Sector 1_Temperature_warning
Alert cooldown active for Sector 1_Temperature_warning
Alert cooldown active for Sector 1_Temperature_warning
Alert cooldown active for Sector 1_Temperature_warning
Alert cooldown active for Sector 1_Temperature_warning
Alert cooldown active for Sector 1_Temperature_warning
Alert cooldown active for Sector 1_Temperature_warning
Alert cooldown active for Sector 1_Temperature_warning
Alert cooldown active for Sector 1_Temperature_warning
Alert cooldown active for Sector 1_Temperature_warning
Alert cooldown active for Sector 1_Temperature_warning
Alert cooldown active for Sector 1_Temperature_warning
Alert cooldown active for Sector 1_Temperature_warning
Alert cooldown active for Sector 1_Temperature_warning
[ERROR] Failed to send alert: [Errno 11001] getaddrinfo failed
[ERROR] Failed to send alert: [WinError 10060] A connection attempt failed because the connected party did not properly respond after a period of time, or established connection failed because connected host has failed to respond
[ERROR] Failed to send alert: [WinError 10060] A connection attempt failed because the connected party did not properly respond after a period of time, or established connection failed because connected host has failed to respond
[SUCCESS] Prediction alert sent: Sector 1_Temperature_warning
Alert cooldown active for Sector 1_Temperature_warning
Alert cooldown active for Sector 1_Temperature_warning
Alert cooldown active for Sector 1_Temperature_warning
Alert cooldown active for Sector 1_Temperature_warning
Alert cooldown active for Sector 1_Temperature_warning
Alert cooldown active for Sector 1_Temperature_warning
Alert cooldown active for Sector 1_Temperature_warning
Alert cooldown active for Sector 1_Temperature_warning
Alert cooldown active for Sector 1_Temperature_warning
Alert cooldown active for Sector 1_Temperature_warning
Alert cooldown active for Sector 1_Temperature_warning
Alert cooldown active for Sector 1_Temperature_warning
Alert cooldown active for Sector 1_Temperature_warning
Alert cooldown active for Sector 1_Temperature_warning
Alert cooldown active for Sector 1_Temperature_warning
Alert cooldown active for Sector 1_Temperature_warning
Alert cooldown active for Sector 1_Temperature_warning
Alert cooldown active for Sector 1_Temperature_warning
Alert cooldown active for Sector 1_Temperature_warning
Alert cooldown active for Sector 1_Temperature_warning
Alert cooldown active for Sector 1_Temperature_warning
Alert cooldown active for Sector 1_Temperature_warning
Alert cooldown active for Sector 1_Temperature_warning
Alert cooldown active for Sector 1_Temperature_warning
Alert cooldown active for Sector 1_Temperature_warning
Alert cooldown active for Sector 1_Temperature_warning
Alert cooldown active for Sector 1_Temperature_warning
Alert cooldown active for Sector 1_Temperature_warning
Alert cooldown active for Sector 1_Temperature_warning
Alert cooldown active for Sector 1_Temperature_warning
[SUCCESS] Prediction alert sent: Sector 1_Temperature_warning
Alert cooldown active for Sector 1_Temperature_warning
Alert cooldown active for Sector 1_Temperature_warning
Alert cooldown active for Sector 1_Temperature_warning
Alert cooldown active for Sector 1_Temperature_warning
Alert cooldown active for Sector 1_Temperature_warning
Alert cooldown active for Sector 1_Temperature_warning
Alert cooldown active for Sector 1_Temperature_warning
Alert cooldown active for Sector 1_Temperature_warning
Alert cooldown active for Sector 1_Temperature_warning
Alert cooldown active for Sector 1_Temperature_warning
Alert cooldown active for Sector 1_Temperature_warning
Alert cooldown active for Sector 1_Temperature_warning
Alert cooldown active for Sector 1_Temperature_warning
Alert cooldown active for Sector 1_Temperature_warning
Alert cooldown active for Sector 1_Temperature_warning
Alert cooldown active for Sector 1_Temperature_warning
Alert cooldown active for Sector 1_Temperature_warning
Alert cooldown active for Sector 1_Temperature_warning
Alert cooldown active for Sector 1_Temperature_warning
Alert cooldown active for Sector 1_Temperature_warning
Alert cooldown active for Sector 1_Temperature_warning
Alert cooldown active for Sector 1_Temperature_warning
Alert cooldown active for Sector 1_Temperature_warning
Alert cooldown active for Sector 1_Temperature_warning
Alert cooldown active for Sector 1_Temperature_warning
Alert cooldown active for Sector 1_Temperature_warning
Alert cooldown active for Sector 1_Temperature_warning
Alert cooldown active for Sector 1_Temperature_warning
Alert cooldown active for Sector 1_Temperature_warning
Alert cooldown active for Sector 1_Temperature_warning
Alert cooldown active for Sector 1_Temperature_warning
Alert cooldown active for Sector 1_Temperature_warning
Alert cooldown active for Sector 1_Temperature_warning
Alert cooldown active for Sector 1_Temperature_warning
Alert cooldown active for Sector 1_Temperature_warning
Alert cooldown active for Sector 1_Temperature_warning
Alert cooldown active for Sector 1_Temperature_warning
Alert cooldown active for Sector 1_Temperature_warning
Alert cooldown active for Sector 1_Temperature_warning
Alert cooldown active for Sector 1_Temperature_warning
Alert cooldown active for Sector 1_Temperature_warning
Alert cooldown active for Sector 1_Temperature_warning
Alert cooldown active for Sector 1_Temperature_warning
Alert cooldown active for Sector 1_Temperature_warning
Alert cooldown active for Sector 1_Temperature_warning
Alert cooldown active for Sector 1_Temperature_warning
Alert cooldown active for Sector 1_Temperature_warning
Alert cooldown active for Sector 1_Temperature_warning
Alert cooldown active for Sector 1_Temperature_warning
Alert cooldown active for Sector 1_Temperature_warning
Alert cooldown active for Sector 1_Temperature_warning
Alert cooldown active for Sector 1_Temperature_warning
Alert cooldown active for Sector 1_Temperature_warning
Alert cooldown active for Sector 1_Temperature_warning
Alert cooldown active for Sector 1_Temperature_warning
Alert cooldown active for Sector 1_Temperature_warning
Alert cooldown active for Sector 1_Temperature_warning
Alert cooldown active for Sector 1_Temperature_warning
[SUCCESS] Prediction alert sent: Sector 1_Temperature_warning
Alert cooldown active for Sector 1_Temperature_warning
Alert cooldown active for Sector 1_Temperature_warning
Alert cooldown active for Sector 1_Temperature_warning
Alert cooldown active for Sector 1_Temperature_warning
Alert cooldown active for Sector 1_Temperature_warning
Alert cooldown active for Sector 1_Temperature_warning
Alert cooldown active for Sector 1_Temperature_warning
Alert cooldown active for Sector 1_Temperature_warning
Alert cooldown active for Sector 1_Temperature_warning
Alert cooldown active for Sector 1_Temperature_warning
Alert cooldown active for Sector 1_Temperature_warning
Alert cooldown active for Sector 1_Temperature_warning
Alert cooldown active for Sector 1_Temperature_warning
Alert cooldown active for Sector 1_Temperature_warning
Alert cooldown active for Sector 1_Temperature_warning
Alert cooldown active for Sector 1_Temperature_warning
Alert cooldown active for Sector 1_Temperature_warning
Alert cooldown active for Sector 1_Temperature_warning
Alert cooldown active for Sector 1_Temperature_warning
Alert cooldown active for Sector 1_Temperature_warning
Alert cooldown active for Sector 1_Temperature_warning
Alert cooldown active for Sector 1_Temperature_warning
Alert cooldown active for Sector 1_Temperature_warning
Alert cooldown active for Sector 1_Temperature_warning
Alert cooldown active for Sector 1_Temperature_warning
Alert cooldown active for Sector 1_Temperature_warning
Alert cooldown active for Sector 1_Temperature_warning
Alert cooldown active for Sector 1_Temperature_warning
Alert cooldown active for Sector 1_Temperature_warning
Alert cooldown active for Sector 1_Temperature_warning
Alert cooldown active for Sector 1_Temperature_warning
Alert cooldown active for Sector 1_Temperature_warning
Alert cooldown active for Sector 1_Temperature_warning
Alert cooldown active for Sector 1_Temperature_warning
Alert cooldown active for Sector 1_Temperature_warning
Alert cooldown active for Sector 1_Temperature_warning
Alert cooldown active for Sector 1_Temperature_warning
Alert cooldown active for Sector 1_Temperature_warning
Alert cooldown active for Sector 1_Temperature_warning
Alert cooldown active for Sector 1_Temperature_warning
Alert cooldown active for Sector 1_Temperature_warning
Alert cooldown active for Sector 1_Temperature_warning
Alert cooldown active for Sector 1_Temperature_warning
Alert cooldown active for Sector 1_Temperature_warning
Alert cooldown active for Sector 1_Temperature_warning
Alert cooldown active for Sector 1_Temperature_warning
Alert cooldown active for Sector 1_Temperature_warning
Alert cooldown active for Sector 1_Temperature_warning
Alert cooldown active for Sector 1_Temperature_warning
Alert cooldown active for Sector 1_Temperature_warning
Alert cooldown active for Sector 1_Temperature_warning
Alert cooldown active for Sector 1_Temperature_warning
Alert cooldown active for Sector 1_Temperature_warning
Alert cooldown active for Sector 1_Temperature_warning
Alert cooldown active for Sector 1_Temperature_warning
Alert cooldown active for Sector 1_Temperature_warning
Alert cooldown active for Sector 1_Temperature_warning
Alert cooldown active for Sector 1_Temperature_warning
[SUCCESS] Prediction alert sent: Sector 1_Temperature_warning
Alert cooldown active for Sector 1_Temperature_warning
Alert cooldown active for Sector 1_Temperature_warning
Alert cooldown active for Sector 1_Temperature_warning
Alert cooldown active for Sector 1_Temperature_warning
Alert cooldown active for Sector 1_Temperature_warning
Alert cooldown active for Sector 1_Temperature_warning
Alert cooldown active for Sector 1_Temperature_warning
Alert cooldown active for Sector 1_Temperature_warning
Alert cooldown active for Sector 1_Temperature_warning
Alert cooldown active for Sector 1_Temperature_warning
Alert cooldown active for Sector 1_Temperature_warning
Alert cooldown active for Sector 1_Temperature_warning
Alert cooldown active for Sector 1_Temperature_warning
Alert cooldown active for Sector 1_Temperature_warning
Alert cooldown active for Sector 1_Temperature_warning
Alert cooldown active for Sector 1_Temperature_warning
Alert cooldown active for Sector 1_Temperature_warning
Alert cooldown active for Sector 1_Temperature_warning
Alert cooldown active for Sector 1_Temperature_warning
Alert cooldown active for Sector 1_Temperature_warning
Alert cooldown active for Sector 1_Temperature_warning
Alert cooldown active for Sector 1_Temperature_warning
Alert cooldown active for Sector 1_Temperature_warning
Alert cooldown active for Sector 1_Temperature_warning
Alert cooldown active for Sector 1_Temperature_warning
Alert cooldown active for Sector 1_Temperature_warning
Alert cooldown active for Sector 1_Temperature_warning
Alert cooldown active for Sector 1_Temperature_warning
Alert cooldown active for Sector 1_Temperature_warning
Alert cooldown active for Sector 1_Temperature_warning
Alert cooldown active for Sector 1_Temperature_warning
Alert cooldown active for Sector 1_Temperature_warning
Alert cooldown active for Sector 1_Temperature_warning
Alert cooldown active for Sector 1_Temperature_warning
Alert cooldown active for Sector 1_Temperature_warning
Alert cooldown active for Sector 1_Temperature_warning
Alert cooldown active for Sector 1_Temperature_warning
Alert cooldown active for Sector 1_Temperature_warning
Alert cooldown active for Sector 1_Temperature_warning
Alert cooldown active for Sector 1_Temperature_warning
Alert cooldown active for Sector 1_Temperature_warning
Alert cooldown active for Sector 1_Temperature_warning
Alert cooldown active for Sector 1_Temperature_warning
Alert cooldown active for Sector 1_Temperature_warning
Alert cooldown active for Sector 1_Temperature_warning
Alert cooldown active for Sector 1_Temperature_warning
Alert cooldown active for Sector 1_Temperature_warning
Alert cooldown active for Sector 1_Temperature_warning
Alert cooldown active for Sector 1_Temperature_warning
Alert cooldown active for Sector 1_Temperature_warning
Alert cooldown active for Sector 1_Temperature_warning
Alert cooldown active for Sector 1_Temperature_warning
Alert cooldown active for Sector 1_Temperature_warning
Alert cooldown active for Sector 1_Temperature_warning
[SUCCESS] Prediction alert sent: Sector 1_Temperature_warning
Alert cooldown active for Sector 1_Temperature_warning
Alert cooldown active for Sector 1_Temperature_warning
Alert cooldown active for Sector 1_Temperature_warning
Alert cooldown active for Sector 1_Temperature_warning
Alert cooldown active for Sector 1_Temperature_warning
Alert cooldown active for Sector 1_Temperature_warning
Alert cooldown active for Sector 1_Temperature_warning
Alert cooldown active for Sector 1_Temperature_warning
Alert cooldown active for Sector 1_Temperature_warning
Alert cooldown active for Sector 1_Temperature_warning
Alert cooldown active for Sector 1_Temperature_warning
Alert cooldown active for Sector 1_Temperature_warning
Alert cooldown active for Sector 1_Temperature_warning
Alert cooldown active for Sector 1_Temperature_warning
Alert cooldown active for Sector 1_Temperature_warning
Alert cooldown active for Sector 1_Temperature_warning
Alert cooldown active for Sector 1_Temperature_warning
Alert cooldown active for Sector 1_Temperature_warning
Alert cooldown active for Sector 1_Temperature_warning
Alert cooldown active for Sector 1_Temperature_warning
Alert cooldown active for Sector 1_Temperature_warning
Alert cooldown active for Sector 1_Temperature_warning
Alert cooldown active for Sector 1_Temperature_warning
Alert cooldown active for Sector 1_Temperature_warning
Alert cooldown active for Sector 1_Temperature_warning
Alert cooldown active for Sector 1_Temperature_warning
Alert cooldown active for Sector 1_Temperature_warning
Alert cooldown active for Sector 1_Temperature_warning
Alert cooldown active for Sector 1_Temperature_warning
Alert cooldown active for Sector 1_Temperature_warning
Alert cooldown active for Sector 1_Temperature_warning
Alert cooldown active for Sector 1_Temperature_warning
Alert cooldown active for Sector 1_Temperature_warning
Alert cooldown active for Sector 1_Temperature_warning
Alert cooldown active for Sector 1_Temperature_warning
Alert cooldown active for Sector 1_Temperature_warning
Alert cooldown active for Sector 1_Temperature_warning
Alert cooldown active for Sector 1_Temperature_warning
Alert cooldown active for Sector 1_Temperature_warning
Alert cooldown active for Sector 1_Temperature_warning
Alert cooldown active for Sector 1_Temperature_warning
Alert cooldown active for Sector 1_Temperature_warning
Alert cooldown active for Sector 1_Temperature_warning
Alert cooldown active for Sector 1_Temperature_warning
Alert cooldown active for Sector 1_Temperature_warning
Alert cooldown active for Sector 1_Temperature_warning
Alert cooldown active for Sector 1_Temperature_warning
Alert cooldown active for Sector 1_Temperature_warning
Alert cooldown active for Sector 1_Temperature_warning
Alert cooldown active for Sector 1_Temperature_warning
Alert cooldown active for Sector 1_Temperature_warning
Alert cooldown active for Sector 1_Temperature_warning
Alert cooldown active for Sector 1_Temperature_warning
Alert cooldown active for Sector 1_Temperature_warning
Alert cooldown active for Sector 1_Temperature_warning
Alert cooldown active for Sector 1_Temperature_warning
Alert cooldown active for Sector 1_Temperature_warning
[SUCCESS] Prediction alert sent: Sector 1_Temperature_warning
Alert cooldown active for Sector 1_Temperature_warning
Alert cooldown active for Sector 1_Temperature_warning
Alert cooldown active for Sector 1_Temperature_warning
Alert cooldown active for Sector 1_Temperature_warning
Alert cooldown active for Sector 1_Temperature_warning
Alert cooldown active for Sector 1_Temperature_warning
